<?xml version="1.0" encoding="UTF-8"?>
<testsuite xmlns:xsi="http://www.w3.org/2001/XMLSchema-instance" xsi:noNamespaceSchemaLocation="https://maven.apache.org/surefire/maven-surefire-plugin/xsd/surefire-test-report.xsd" name="tests.com.mcmaster.utility.net.TestCases" time="2.533" tests="3" errors="0" skipped="0" failures="0">
  <properties>
    <property name="sun.desktop" value="windows"/>
    <property name="awt.toolkit" value="sun.awt.windows.WToolkit"/>
    <property name="java.specification.version" value="11"/>
    <property name="sun.cpu.isalist" value="amd64"/>
    <property name="sun.jnu.encoding" value="Cp1252"/>
    <property name="java.class.path" value="D:\Cloud\Development\Web\LocalRepository\HomePC\eclipse-workspace\GetThumbprint\target\test-classes;D:\Cloud\Development\Web\LocalRepository\HomePC\eclipse-workspace\GetThumbprint\target\classes;D:\eclipse\.m2\repository\org\junit\jupiter\junit-jupiter-api\5.4.2\junit-jupiter-api-5.4.2.jar;D:\eclipse\.m2\repository\org\apiguardian\apiguardian-api\1.0.0\apiguardian-api-1.0.0.jar;D:\eclipse\.m2\repository\org\opentest4j\opentest4j\1.1.1\opentest4j-1.1.1.jar;D:\eclipse\.m2\repository\org\junit\platform\junit-platform-commons\1.4.2\junit-platform-commons-1.4.2.jar;D:\eclipse\.m2\repository\org\junit\jupiter\junit-jupiter-engine\5.4.2\junit-jupiter-engine-5.4.2.jar;D:\eclipse\.m2\repository\org\junit\platform\junit-platform-engine\1.4.2\junit-platform-engine-1.4.2.jar;D:\eclipse\.m2\repository\com\amazonaws\aws-lambda-java-events\1.3.0\aws-lambda-java-events-1.3.0.jar;D:\eclipse\.m2\repository\com\amazonaws\aws-java-sdk-s3\1.11.256\aws-java-sdk-s3-1.11.256.jar;D:\eclipse\.m2\repository\com\amazonaws\aws-java-sdk-kms\1.11.256\aws-java-sdk-kms-1.11.256.jar;D:\eclipse\.m2\repository\com\amazonaws\aws-java-sdk-core\1.11.256\aws-java-sdk-core-1.11.256.jar;D:\eclipse\.m2\repository\commons-logging\commons-logging\1.1.3\commons-logging-1.1.3.jar;D:\eclipse\.m2\repository\org\apache\httpcomponents\httpclient\4.5.2\httpclient-4.5.2.jar;D:\eclipse\.m2\repository\org\apache\httpcomponents\httpcore\4.4.4\httpcore-4.4.4.jar;D:\eclipse\.m2\repository\commons-codec\commons-codec\1.9\commons-codec-1.9.jar;D:\eclipse\.m2\repository\software\amazon\ion\ion-java\1.0.2\ion-java-1.0.2.jar;D:\eclipse\.m2\repository\com\fasterxml\jackson\core\jackson-databind\2.6.7.1\jackson-databind-2.6.7.1.jar;D:\eclipse\.m2\repository\com\fasterxml\jackson\core\jackson-annotations\2.6.0\jackson-annotations-2.6.0.jar;D:\eclipse\.m2\repository\com\fasterxml\jackson\core\jackson-core\2.6.7\jackson-core-2.6.7.jar;D:\eclipse\.m2\repository\com\fasterxml\jackson\dataformat\jackson-dataformat-cbor\2.6.7\jackson-dataformat-cbor-2.6.7.jar;D:\eclipse\.m2\repository\joda-time\joda-time\2.8.1\joda-time-2.8.1.jar;D:\eclipse\.m2\repository\com\amazonaws\jmespath-java\1.11.256\jmespath-java-1.11.256.jar;D:\eclipse\.m2\repository\com\amazonaws\aws-java-sdk-sns\1.11.256\aws-java-sdk-sns-1.11.256.jar;D:\eclipse\.m2\repository\com\amazonaws\aws-java-sdk-sqs\1.11.256\aws-java-sdk-sqs-1.11.256.jar;D:\eclipse\.m2\repository\com\amazonaws\aws-java-sdk-cognitoidentity\1.11.256\aws-java-sdk-cognitoidentity-1.11.256.jar;D:\eclipse\.m2\repository\com\amazonaws\aws-java-sdk-kinesis\1.11.256\aws-java-sdk-kinesis-1.11.256.jar;D:\eclipse\.m2\repository\com\amazonaws\aws-java-sdk-dynamodb\1.11.256\aws-java-sdk-dynamodb-1.11.256.jar;D:\eclipse\.m2\repository\com\amazonaws\aws-lambda-java-core\1.1.0\aws-lambda-java-core-1.1.0.jar;D:\eclipse\.m2\repository\javax\xml\bind\jaxb-api\2.3.1\jaxb-api-2.3.1.jar;D:\eclipse\.m2\repository\javax\activation\javax.activation-api\1.2.0\javax.activation-api-1.2.0.jar;"/>
    <property name="java.vm.vendor" value="Oracle Corporation"/>
    <property name="sun.arch.data.model" value="64"/>
    <property name="user.variant" value=""/>
    <property name="java.vendor.url" value="https://openjdk.java.net/"/>
    <property name="user.timezone" value="Europe/London"/>
    <property name="java.vm.specification.version" value="11"/>
    <property name="os.name" value="Windows 10"/>
    <property name="sun.java.launcher" value="SUN_STANDARD"/>
    <property name="user.country" value="GB"/>
    <property name="sun.boot.library.path" value="C:\Program Files\Java\jdk-11.0.7\bin"/>
    <property name="sun.java.command" value="C:\Users\STEPHE~1\AppData\Local\Temp\surefire16738306807528875083\surefirebooter5389829587905429074.jar C:\Users\Stephen McMaster\AppData\Local\Temp\surefire16738306807528875083 2020-07-24T20-48-20_495-jvmRun1 surefire14164389723833785100tmp surefire_016569601828395469021tmp"/>
    <property name="jdk.debug" value="release"/>
    <property name="surefire.test.class.path" value="D:\Cloud\Development\Web\LocalRepository\HomePC\eclipse-workspace\GetThumbprint\target\test-classes;D:\Cloud\Development\Web\LocalRepository\HomePC\eclipse-workspace\GetThumbprint\target\classes;D:\eclipse\.m2\repository\org\junit\jupiter\junit-jupiter-api\5.4.2\junit-jupiter-api-5.4.2.jar;D:\eclipse\.m2\repository\org\apiguardian\apiguardian-api\1.0.0\apiguardian-api-1.0.0.jar;D:\eclipse\.m2\repository\org\opentest4j\opentest4j\1.1.1\opentest4j-1.1.1.jar;D:\eclipse\.m2\repository\org\junit\platform\junit-platform-commons\1.4.2\junit-platform-commons-1.4.2.jar;D:\eclipse\.m2\repository\org\junit\jupiter\junit-jupiter-engine\5.4.2\junit-jupiter-engine-5.4.2.jar;D:\eclipse\.m2\repository\org\junit\platform\junit-platform-engine\1.4.2\junit-platform-engine-1.4.2.jar;D:\eclipse\.m2\repository\com\amazonaws\aws-lambda-java-events\1.3.0\aws-lambda-java-events-1.3.0.jar;D:\eclipse\.m2\repository\com\amazonaws\aws-java-sdk-s3\1.11.256\aws-java-sdk-s3-1.11.256.jar;D:\eclipse\.m2\repository\com\amazonaws\aws-java-sdk-kms\1.11.256\aws-java-sdk-kms-1.11.256.jar;D:\eclipse\.m2\repository\com\amazonaws\aws-java-sdk-core\1.11.256\aws-java-sdk-core-1.11.256.jar;D:\eclipse\.m2\repository\commons-logging\commons-logging\1.1.3\commons-logging-1.1.3.jar;D:\eclipse\.m2\repository\org\apache\httpcomponents\httpclient\4.5.2\httpclient-4.5.2.jar;D:\eclipse\.m2\repository\org\apache\httpcomponents\httpcore\4.4.4\httpcore-4.4.4.jar;D:\eclipse\.m2\repository\commons-codec\commons-codec\1.9\commons-codec-1.9.jar;D:\eclipse\.m2\repository\software\amazon\ion\ion-java\1.0.2\ion-java-1.0.2.jar;D:\eclipse\.m2\repository\com\fasterxml\jackson\core\jackson-databind\2.6.7.1\jackson-databind-2.6.7.1.jar;D:\eclipse\.m2\repository\com\fasterxml\jackson\core\jackson-annotations\2.6.0\jackson-annotations-2.6.0.jar;D:\eclipse\.m2\repository\com\fasterxml\jackson\core\jackson-core\2.6.7\jackson-core-2.6.7.jar;D:\eclipse\.m2\repository\com\fasterxml\jackson\dataformat\jackson-dataformat-cbor\2.6.7\jackson-dataformat-cbor-2.6.7.jar;D:\eclipse\.m2\repository\joda-time\joda-time\2.8.1\joda-time-2.8.1.jar;D:\eclipse\.m2\repository\com\amazonaws\jmespath-java\1.11.256\jmespath-java-1.11.256.jar;D:\eclipse\.m2\repository\com\amazonaws\aws-java-sdk-sns\1.11.256\aws-java-sdk-sns-1.11.256.jar;D:\eclipse\.m2\repository\com\amazonaws\aws-java-sdk-sqs\1.11.256\aws-java-sdk-sqs-1.11.256.jar;D:\eclipse\.m2\repository\com\amazonaws\aws-java-sdk-cognitoidentity\1.11.256\aws-java-sdk-cognitoidentity-1.11.256.jar;D:\eclipse\.m2\repository\com\amazonaws\aws-java-sdk-kinesis\1.11.256\aws-java-sdk-kinesis-1.11.256.jar;D:\eclipse\.m2\repository\com\amazonaws\aws-java-sdk-dynamodb\1.11.256\aws-java-sdk-dynamodb-1.11.256.jar;D:\eclipse\.m2\repository\com\amazonaws\aws-lambda-java-core\1.1.0\aws-lambda-java-core-1.1.0.jar;D:\eclipse\.m2\repository\javax\xml\bind\jaxb-api\2.3.1\jaxb-api-2.3.1.jar;D:\eclipse\.m2\repository\javax\activation\javax.activation-api\1.2.0\javax.activation-api-1.2.0.jar;"/>
    <property name="sun.cpu.endian" value="little"/>
    <property name="user.home" value="C:\Users\Stephen McMaster"/>
    <property name="user.language" value="en"/>
    <property name="java.specification.vendor" value="Oracle Corporation"/>
    <property name="java.version.date" value="2020-04-14"/>
    <property name="java.home" value="C:\Program Files\Java\jdk-11.0.7"/>
    <property name="file.separator" value="\"/>
    <property name="basedir" value="D:\Cloud\Development\Web\LocalRepository\HomePC\eclipse-workspace\GetThumbprint"/>
    <property name="java.vm.compressedOopsMode" value="Zero based"/>
    <property name="line.separator" value="&#10;"/>
    <property name="java.specification.name" value="Java Platform API Specification"/>
    <property name="java.vm.specification.vendor" value="Oracle Corporation"/>
    <property name="java.awt.graphicsenv" value="sun.awt.Win32GraphicsEnvironment"/>
    <property name="surefire.real.class.path" value="C:\Users\STEPHE~1\AppData\Local\Temp\surefire16738306807528875083\surefirebooter5389829587905429074.jar"/>
    <property name="user.script" value=""/>
    <property name="sun.management.compiler" value="HotSpot 64-Bit Tiered Compilers"/>
    <property name="java.runtime.version" value="11.0.7+8-LTS"/>
    <property name="user.name" value="Stephen McMaster"/>
    <property name="path.separator" value=";"/>
    <property name="os.version" value="10.0"/>
    <property name="java.runtime.name" value="Java(TM) SE Runtime Environment"/>
    <property name="file.encoding" value="Cp1252"/>
    <property name="java.vm.name" value="Java HotSpot(TM) 64-Bit Server VM"/>
    <property name="java.vendor.version" value="18.9"/>
    <property name="localRepository" value="D:\eclipse\.m2\repository"/>
    <property name="java.vendor.url.bug" value="https://bugreport.java.com/bugreport/"/>
    <property name="java.io.tmpdir" value="C:\Users\STEPHE~1\AppData\Local\Temp\"/>
    <property name="java.version" value="11.0.7"/>
    <property name="user.dir" value="D:\Cloud\Development\Web\LocalRepository\HomePC\eclipse-workspace\GetThumbprint"/>
    <property name="os.arch" value="amd64"/>
    <property name="java.vm.specification.name" value="Java Virtual Machine Specification"/>
    <property name="java.awt.printerjob" value="sun.awt.windows.WPrinterJob"/>
    <property name="sun.os.patch.level" value=""/>
    <property name="java.library.path" value="C:\Program Files\Java\jdk-11.0.7\bin;C:\WINDOWS\Sun\Java\bin;C:\WINDOWS\system32;C:\WINDOWS;C:/Program Files/Amazon Corretto/jdk11.0.8_10/bin/server;C:/Program Files/Amazon Corretto/jdk11.0.8_10/bin;C:\Program Files\Amazon Corretto\jdk11.0.8_10\bin;C:\Program Files (x86)\Common Files\Oracle\Java\javapath;C:\Windows\system32;C:\Windows;C:\Windows\System32\Wbem;C:\Windows\System32\WindowsPowerShell\v1.0\;C:\Users\Stephen McMaster\.dnx\bin;C:\Program Files\Microsoft DNX\Dnvm\;C:\WINDOWS\system32;C:\WINDOWS;C:\WINDOWS\System32\Wbem;C:\WINDOWS\System32\WindowsPowerShell\v1.0\;C:\Python27;C:\Program Files (x86)\GNU\GnuPG\pub;C:\Program Files\Amazon\AWSCLI\;C:\Program Files (x86)\Microsoft SDKs\Azure\CLI\wbin;C:\Program Files\Microsoft SQL Server\130\Tools\Binn\;C:\Program Files\dotnet\;C:\Program Files\OpenVPN\bin;C:\WINDOWS\System32\OpenSSH\;C:\Program Files\Microsoft\Web Platform Installer\;C:\Program Files\Git\cmd;C:\Program Files\Microsoft SQL Server\Client SDK\ODBC\170\Tools\Binn\;C:\Program Files (x86)\NVIDIA Corporation\PhysX\Common;C:\Program Files (x86)\Sennheiser\SoftphoneSDK\;C:\Users\Stephen McMaster\AppData\Local\Microsoft\WindowsApps;C:\Users\Stephen McMaster\AppData\Local\GitHubDesktop\bin;D:\eclipse;;."/>
    <property name="java.vendor" value="Oracle Corporation"/>
    <property name="java.vm.info" value="mixed mode"/>
    <property name="java.vm.version" value="11.0.7+8-LTS"/>
    <property name="sun.io.unicode.encoding" value="UnicodeLittle"/>
    <property name="java.class.version" value="55.0"/>
  </properties>
  <testcase name="testThumbrpintRetrievalWithProxyl" classname="tests.com.mcmaster.utility.net.TestCases" time="1.777"/>
  <testcase name="testThumbrpintRetrieval" classname="tests.com.mcmaster.utility.net.TestCases" time="0.526"/>
  <testcase name="testErrorHandling" classname="tests.com.mcmaster.utility.net.TestCases" time="0.225"/>
</testsuite>